2025-07-09 10:31:07,627 INFO o.h.v.i.u.Version [background-preinit] HV000001: Hibernate Validator 8.0.2.Final
2025-07-09 10:31:07,640 INFO o.s.b.StartupInfoLogger [main] Starting Application using Java 17.0.12 with PID 68869 (/Users/vinodkumar/Documents/Technologies/SpringBoot/spring-boot-modules/target/classes started by vinodkumar in /Users/vinodkumar/Documents/Technologies/SpringBoot/spring-boot-modules)
2025-07-09 10:31:07,641 INFO o.s.b.SpringApplication [main] No active profile set, falling back to 1 default profile: "default"
2025-07-09 10:31:07,936 INFO o.s.d.r.c.RepositoryConfigurationDelegate [main] Bootstrapping Spring Data JPA repositories in DEFAULT mode.
2025-07-09 10:31:07,978 INFO o.s.d.r.c.RepositoryConfigurationDelegate [main] Finished Spring Data repository scanning in 39 ms. Found 1 JPA repository interface.
2025-07-09 10:31:08,130 INFO o.s.b.w.e.t.TomcatWebServer [main] Tomcat initialized with port 8080 (http)
2025-07-09 10:31:08,134 INFO o.a.j.l.DirectJDKLog [main] Initializing ProtocolHandler ["http-nio-8080"]
2025-07-09 10:31:08,134 INFO o.a.j.l.DirectJDKLog [main] Starting service [Tomcat]
2025-07-09 10:31:08,134 INFO o.a.j.l.DirectJDKLog [main] Starting Servlet engine: [Apache Tomcat/10.1.42]
2025-07-09 10:31:08,150 INFO o.a.j.l.DirectJDKLog [main] Initializing Spring embedded WebApplicationContext
2025-07-09 10:31:08,150 INFO o.s.b.w.s.c.ServletWebServerApplicationContext [main] Root WebApplicationContext: initialization completed in 498 ms
2025-07-09 10:31:08,222 INFO o.h.j.i.u.LogHelper [main] HHH000204: Processing PersistenceUnitInfo [name: default]
2025-07-09 10:31:08,237 INFO o.h.Version [main] HHH000412: Hibernate ORM core version 6.6.18.Final
2025-07-09 10:31:08,246 INFO o.h.c.i.RegionFactoryInitiator [main] HHH000026: Second-level cache disabled
2025-07-09 10:31:08,321 INFO o.s.o.j.p.SpringPersistenceUnitInfo [main] No LoadTimeWeaver setup: ignoring JPA class transformer
2025-07-09 10:31:08,331 INFO c.z.h.HikariDataSource [main] HikariPool-1 - Starting...
2025-07-09 10:31:08,387 INFO c.z.h.p.HikariPool [main] HikariPool-1 - Added connection conn0: url=jdbc:h2:mem:b593b6d9-93ab-4e51-aba8-468153a54cc1 user=SA
2025-07-09 10:31:08,388 INFO c.z.h.HikariDataSource [main] HikariPool-1 - Start completed.
2025-07-09 10:31:08,406 INFO o.h.e.j.e.i.JdbcEnvironmentInitiator [main] HHH10001005: Database info:
	Database JDBC URL [Connecting through datasource 'HikariDataSource (HikariPool-1)']
	Database driver: undefined/unknown
	Database version: 2.3.232
	Autocommit mode: undefined/unknown
	Isolation level: undefined/unknown
	Minimum pool size: undefined/unknown
	Maximum pool size: undefined/unknown
2025-07-09 10:31:08,661 INFO o.h.e.t.j.p.i.JtaPlatformInitiator [main] HHH000489: No JTA platform available (set 'hibernate.transaction.jta.platform' to enable JTA platform integration)
2025-07-09 10:31:08,672 INFO o.s.o.j.AbstractEntityManagerFactoryBean [main] Initialized JPA EntityManagerFactory for persistence unit 'default'
2025-07-09 10:31:08,768 WARN o.s.b.a.o.j.JpaBaseConfiguration$JpaWebConfiguration [main] spring.jpa.open-in-view is enabled by default. Therefore, database queries may be performed during view rendering. Explicitly configure spring.jpa.open-in-view to disable this warning
2025-07-09 10:31:08,876 INFO o.s.b.a.e.w.EndpointLinksResolver [main] Exposing 1 endpoint beneath base path '/actuator'
2025-07-09 10:31:08,889 WARN o.s.b.a.s.s.UserDetailsServiceAutoConfiguration [main] 

Using generated security password: e4212eee-26cb-45a8-a7d5-b7cf90c45e68

This generated password is for development use only. Your security configuration must be updated before running your application in production.

2025-07-09 10:31:08,891 INFO o.s.s.c.a.a.c.InitializeUserDetailsBeanManagerConfigurer$InitializeUserDetailsManagerConfigurer [main] Global AuthenticationManager configured with UserDetailsService bean with name inMemoryUserDetailsManager
2025-07-09 10:31:09,046 INFO o.a.j.l.DirectJDKLog [main] Starting ProtocolHandler ["http-nio-8080"]
2025-07-09 10:31:09,052 INFO o.s.b.w.e.t.TomcatWebServer [main] Tomcat started on port 8080 (http) with context path '/'
2025-07-09 10:31:09,060 INFO o.s.b.StartupInfoLogger [main] Started Application in 1.541 seconds (process running for 1.805)
2025-07-09 10:31:09,470 INFO o.a.j.l.DirectJDKLog [RMI TCP Connection(10)-127.0.0.1] Initializing Spring DispatcherServlet 'dispatcherServlet'
2025-07-09 10:31:09,470 INFO o.s.w.s.FrameworkServlet [RMI TCP Connection(10)-127.0.0.1] Initializing Servlet 'dispatcherServlet'
2025-07-09 10:31:09,471 INFO o.s.w.s.FrameworkServlet [RMI TCP Connection(10)-127.0.0.1] Completed initialization in 1 ms
2025-07-09 10:31:58,645 INFO o.s.b.a.SpringApplicationAdminMXBeanRegistrar$SpringApplicationAdmin [RMI TCP Connection(12)-127.0.0.1] Application shutdown requested.
2025-07-09 10:31:58,646 INFO o.s.b.w.e.t.GracefulShutdown [RMI TCP Connection(12)-127.0.0.1] Commencing graceful shutdown. Waiting for active requests to complete
2025-07-09 10:31:58,647 INFO o.a.j.l.DirectJDKLog [tomcat-shutdown] Pausing ProtocolHandler ["http-nio-8080"]
2025-07-09 10:31:58,649 INFO o.s.b.w.e.t.GracefulShutdown [tomcat-shutdown] Graceful shutdown complete
2025-07-09 10:31:58,650 INFO o.a.j.l.DirectJDKLog [RMI TCP Connection(12)-127.0.0.1] Stopping ProtocolHandler ["http-nio-8080"]
2025-07-09 10:31:58,661 INFO o.s.o.j.AbstractEntityManagerFactoryBean [RMI TCP Connection(12)-127.0.0.1] Closing JPA EntityManagerFactory for persistence unit 'default'
2025-07-09 10:31:58,662 INFO c.z.h.HikariDataSource [RMI TCP Connection(12)-127.0.0.1] HikariPool-1 - Shutdown initiated...
2025-07-09 10:31:58,663 INFO c.z.h.HikariDataSource [RMI TCP Connection(12)-127.0.0.1] HikariPool-1 - Shutdown completed.
